<?xml version="1.0" encoding="UTF-8"?>
<testng-results ignored="0" total="5" passed="4" failed="1" skipped="0">
  <reporter-output>
  </reporter-output>
  <suite started-at="2023-07-21T11:12:02Z" name="Suite" finished-at="2023-07-21T11:13:20Z" duration-ms="78182">
    <groups>
    </groups>
    <test started-at="2023-07-21T11:12:02Z" name="Test" finished-at="2023-07-21T11:13:20Z" duration-ms="78182">
      <class name="com.lumastore.testcases.TC_RegisteredUserWelcomePageTest">
        <test-method is-config="true" signature="setup()[pri:0, instance:com.lumastore.testcases.TC_RegisteredUserWelcomePageTest@5a5338df]" started-at="2023-07-21T11:12:02Z" name="setup" finished-at="2023-07-21T11:12:13Z" duration-ms="10354" status="PASS">
          <reporter-output>
          </reporter-output>
        </test-method> <!-- setup -->
        <test-method signature="verifyRegisteredUserNameText()[pri:2, instance:com.lumastore.testcases.TC_RegisteredUserWelcomePageTest@5a5338df]" started-at="2023-07-21T11:12:13Z" name="verifyRegisteredUserNameText" finished-at="2023-07-21T11:12:15Z" duration-ms="2136" status="FAIL">
          <exception class="java.lang.AssertionError">
            <message>
              <![CDATA[expected [true] but found [false]]]>
            </message>
            <full-stacktrace>
              <![CDATA[java.lang.AssertionError: expected [true] but found [false]
at org.testng.Assert.fail(Assert.java:96)
at org.testng.Assert.failNotEquals(Assert.java:776)
at org.testng.Assert.assertTrue(Assert.java:44)
at org.testng.Assert.assertTrue(Assert.java:54)
at com.lumastore.testcases.TC_RegisteredUserWelcomePageTest.verifyRegisteredUserNameText(TC_RegisteredUserWelcomePageTest.java:78)
at java.base/jdk.internal.reflect.NativeMethodAccessorImpl.invoke0(Native Method)
at java.base/jdk.internal.reflect.NativeMethodAccessorImpl.invoke(NativeMethodAccessorImpl.java:62)
at java.base/jdk.internal.reflect.DelegatingMethodAccessorImpl.invoke(DelegatingMethodAccessorImpl.java:43)
at java.base/java.lang.reflect.Method.invoke(Method.java:566)
at org.testng.internal.MethodInvocationHelper.invokeMethod(MethodInvocationHelper.java:124)
at org.testng.internal.Invoker.invokeMethod(Invoker.java:583)
at org.testng.internal.Invoker.invokeTestMethod(Invoker.java:719)
at org.testng.internal.Invoker.invokeTestMethods(Invoker.java:989)
at org.testng.internal.TestMethodWorker.invokeTestMethods(TestMethodWorker.java:125)
at org.testng.internal.TestMethodWorker.run(TestMethodWorker.java:109)
at org.testng.TestRunner.privateRun(TestRunner.java:648)
at org.testng.TestRunner.run(TestRunner.java:505)
at org.testng.SuiteRunner.runTest(SuiteRunner.java:455)
at org.testng.SuiteRunner.runSequentially(SuiteRunner.java:450)
at org.testng.SuiteRunner.privateRun(SuiteRunner.java:415)
at org.testng.SuiteRunner.run(SuiteRunner.java:364)
at org.testng.SuiteRunnerWorker.runSuite(SuiteRunnerWorker.java:52)
at org.testng.SuiteRunnerWorker.run(SuiteRunnerWorker.java:84)
at org.testng.TestNG.runSuitesSequentially(TestNG.java:1208)
at org.testng.TestNG.runSuitesLocally(TestNG.java:1137)
at org.testng.TestNG.runSuites(TestNG.java:1049)
at org.testng.TestNG.run(TestNG.java:1017)
at org.testng.remote.AbstractRemoteTestNG.run(AbstractRemoteTestNG.java:115)
at org.testng.remote.RemoteTestNG.initAndRun(RemoteTestNG.java:251)
at org.testng.remote.RemoteTestNG.main(RemoteTestNG.java:77)
]]>
            </full-stacktrace>
          </exception> <!-- java.lang.AssertionError -->
          <reporter-output>
          </reporter-output>
        </test-method> <!-- verifyRegisteredUserNameText -->
        <test-method signature="verifyUIWidgetContent()[pri:3, instance:com.lumastore.testcases.TC_RegisteredUserWelcomePageTest@5a5338df]" started-at="2023-07-21T11:12:15Z" name="verifyUIWidgetContent" finished-at="2023-07-21T11:12:43Z" duration-ms="28224" status="PASS">
          <reporter-output>
          </reporter-output>
        </test-method> <!-- verifyUIWidgetContent -->
        <test-method signature="verifySearchFunctionality()[pri:4, instance:com.lumastore.testcases.TC_RegisteredUserWelcomePageTest@5a5338df]" started-at="2023-07-21T11:12:43Z" name="verifySearchFunctionality" finished-at="2023-07-21T11:12:51Z" duration-ms="8086" status="PASS">
          <reporter-output>
          </reporter-output>
        </test-method> <!-- verifySearchFunctionality -->
        <test-method is-config="true" signature="tearDown()[pri:0, instance:com.lumastore.testcases.TC_RegisteredUserWelcomePageTest@5a5338df]" started-at="2023-07-21T11:12:51Z" name="tearDown" finished-at="2023-07-21T11:12:52Z" duration-ms="411" status="PASS">
          <reporter-output>
          </reporter-output>
        </test-method> <!-- tearDown -->
      </class> <!-- com.lumastore.testcases.TC_RegisteredUserWelcomePageTest -->
      <class name="com.lumastore.testcases.TC_homePageTest">
        <test-method is-config="true" signature="setup()[pri:0, instance:com.lumastore.testcases.TC_homePageTest@418c5a9c]" started-at="2023-07-21T11:12:52Z" name="setup" finished-at="2023-07-21T11:12:59Z" duration-ms="7311" status="PASS">
          <reporter-output>
          </reporter-output>
        </test-method> <!-- setup -->
        <test-method signature="verifySignInLink()[pri:5, instance:com.lumastore.testcases.TC_homePageTest@418c5a9c]" started-at="2023-07-21T11:12:59Z" name="verifySignInLink" finished-at="2023-07-21T11:13:01Z" duration-ms="1814" status="PASS">
          <reporter-output>
          </reporter-output>
        </test-method> <!-- verifySignInLink -->
        <test-method is-config="true" signature="tearDown()[pri:0, instance:com.lumastore.testcases.TC_homePageTest@418c5a9c]" started-at="2023-07-21T11:13:01Z" name="tearDown" finished-at="2023-07-21T11:13:01Z" duration-ms="633" status="PASS">
          <reporter-output>
          </reporter-output>
        </test-method> <!-- tearDown -->
      </class> <!-- com.lumastore.testcases.TC_homePageTest -->
      <class name="com.lumastore.testcases.TC_loginPageTest">
        <test-method is-config="true" signature="setup()[pri:0, instance:com.lumastore.testcases.TC_loginPageTest@18e36d14]" started-at="2023-07-21T11:13:01Z" name="setup" finished-at="2023-07-21T11:13:15Z" duration-ms="13692" status="PASS">
          <reporter-output>
          </reporter-output>
        </test-method> <!-- setup -->
        <test-method signature="verifyLoginPageTest()[pri:6, instance:com.lumastore.testcases.TC_loginPageTest@18e36d14]" started-at="2023-07-21T11:13:15Z" name="verifyLoginPageTest" finished-at="2023-07-21T11:13:20Z" duration-ms="4769" status="PASS">
          <reporter-output>
          </reporter-output>
        </test-method> <!-- verifyLoginPageTest -->
        <test-method is-config="true" signature="tearDown()[pri:0, instance:com.lumastore.testcases.TC_loginPageTest@18e36d14]" started-at="2023-07-21T11:13:20Z" name="tearDown" finished-at="2023-07-21T11:13:20Z" duration-ms="333" status="PASS">
          <reporter-output>
          </reporter-output>
        </test-method> <!-- tearDown -->
      </class> <!-- com.lumastore.testcases.TC_loginPageTest -->
    </test> <!-- Test -->
  </suite> <!-- Suite -->
</testng-results>
